<?xml version="1.0" encoding="UTF-8"?>
<testsuite name="EntryTest" tests="1" skipped="0" failures="0" errors="0" timestamp="2017-04-13T11:08:42" hostname="Marvins-MacBook-Pro.local" time="0.002">
  <properties/>
  <testcase name="add" classname="EntryTest" time="0.002"/>
  <system-out><![CDATA[]]></system-out>
  <system-err><![CDATA[]]></system-err>
</testsuite>
