<?xml version="1.0" encoding="UTF-8"?>
<testsuite name="booking.BookTest" tests="3" skipped="0" failures="0" errors="0" timestamp="2017-04-19T10:56:32" hostname="Marvins-MacBook-Pro.local" time="0.009">
  <properties/>
  <testcase name="stringTest" classname="booking.BookTest" time="0.004"/>
  <testcase name="checkID" classname="booking.BookTest" time="0.001"/>
  <testcase name="correctInfo" classname="booking.BookTest" time="0.002"/>
  <system-out><![CDATA[]]></system-out>
  <system-err><![CDATA[]]></system-err>
</testsuite>
